Flutter crash report.
Please report a bug at https://github.com/flutter/flutter/issues.

## command

flutter widget-preview start --machine --web-server --dtd-url ws://127.0.0.1:50848/19UlH6_wLkI= --devtools-server-address http://127.0.0.1:9100/

## exception

PathNotFoundException: PathNotFoundException: Cannot open file, path = 'C:\Users\1818644\Desktop\POS\4.Klasse\HTLLE-Bookcycle\bookcycle\mobile-admin\.dart_tool\widget_preview_scaffold\lib\src\generated_preview.dart' (OS Error: Das System kann den angegebenen Pfad nicht finden.
, errno = 3)

```
#0      _File.throwIfError (dart:io/file_impl.dart:783:7)
#1      _File.openSync (dart:io/file_impl.dart:576:5)
#2      _File.writeAsBytesSync (dart:io/file_impl.dart:748:31)
#3      _File.writeAsStringSync (dart:io/file_impl.dart:776:5)
#4      ForwardingFile.writeAsStringSync (package:file/src/forwarding/forwarding_file.dart:150:16)
#5      ErrorHandlingFile.writeAsStringSync.<anonymous closure> (package:flutter_tools/src/base/error_handling_io.dart:254:22)
#6      _runSync (package:flutter_tools/src/base/error_handling_io.dart:552:14)
#7      ErrorHandlingFile.writeAsStringSync (package:flutter_tools/src/base/error_handling_io.dart:253:5)
#8      PreviewCodeGenerator.populatePreviewsInGeneratedPreviewScaffold (package:flutter_tools/src/widget_preview/preview_code_generator.dart:120:26)
#9      WidgetPreviewStartCommand.onChangeDetected (package:flutter_tools/src/commands/widget_preview.dart:356:27)
#10     PreviewDetector._onFileSystemEvent.<anonymous closure> (package:flutter_tools/src/widget_preview/preview_detector.dart:193:23)
<asynchronous suspension>
#11     PreviewDetectorMutex.runGuarded (package:flutter_tools/src/widget_preview/utils.dart:99:14)
<asynchronous suspension>
#12     PreviewDetector._onFileSystemEvent (package:flutter_tools/src/widget_preview/preview_detector.dart:123:5)
<asynchronous suspension>
```

## flutter doctor

```
[✓] Flutter (Channel stable, 3.38.3, on Microsoft Windows [Version 10.0.19045.5854], locale de-DE) [236ms]
    • Flutter version 3.38.3 on channel stable at C:\Users\1818644\flutter
    • Upstream repository https://github.com/flutter/flutter.git
    • Framework revision 19074d12f7 (2 weeks ago), 2025-11-20 17:53:13 -0500
    • Engine revision 13e658725d
    • Dart version 3.10.1
    • DevTools version 2.51.1
    • Feature flags: enable-web, enable-linux-desktop, enable-macos-desktop, enable-windows-desktop, enable-android, enable-ios, cli-animations, enable-native-assets, omit-legacy-version-file, enable-lldb-debugging

[✓] Windows Version (10 Home 64-Bit, 22H2, 2009) [1.860ms]

[!] Android toolchain - develop for Android devices (Android SDK version 35.0.0) [305ms]
    • Android SDK at C:\Users\1818644\AppData\Local\Android\sdk
    • Emulator version 32.1.14.0 (build_id 10330179) (CL:N/A)
    ✗ cmdline-tools component is missing.
      Try installing or updating Android Studio.
      Alternatively, download the tools from https://developer.android.com/studio#command-line-tools-only and make sure to set the ANDROID_HOME environment variable.
      See https://developer.android.com/studio/command-line for more details.
    ✗ Android license status unknown.
      Run `flutter doctor --android-licenses` to accept the SDK licenses.
      See https://flutter.dev/to/windows-android-setup for more details.

[✓] Chrome - develop for the web [7ms]
    • Chrome at C:\Program Files\Google\Chrome\Application\chrome.exe

[✗] Visual Studio - develop Windows apps [6ms]
    ✗ Visual Studio not installed; this is necessary to develop Windows apps.
      Download at https://visualstudio.microsoft.com/downloads/.
      Please install the "Desktop development with C++" workload, including all of its default components

[✓] Connected device (3 available) [126ms]
    • Windows (desktop) • windows • windows-x64    • Microsoft Windows [Version 10.0.19045.5854]
    • Chrome (web)      • chrome  • web-javascript • Google Chrome 142.0.7444.176
    • Edge (web)        • edge    • web-javascript • Microsoft Edge 142.0.3595.94

[✓] Network resources [318ms]
    • All expected network resources are available.

! Doctor found issues in 2 categories.
```
